<?xml version="1.0" encoding="UTF-8"?>
<!-- Generated by org.testng.reporters.JUnitXMLReporter -->
<testsuite ignored="0" hostname="QSP" failures="0" tests="4" name="Test" time="0.122" errors="0" timestamp="2022-06-13T16:43:50 IST">
  <testcase classname="testscripts.Test4" name="tc1" time="0.017"/>
  <testcase classname="testscripts.Test1" name="tc1" time="0.004"/>
  <testcase classname="testscripts.Test3" name="tc1" time="0.004"/>
  <testcase classname="testscripts.Test2" name="tc2" time="0.002"/>
</testsuite> <!-- Test -->
