<?xml version="1.0" encoding="UTF-8"?>
<testng-results ignored="0" total="4" passed="4" failed="0" skipped="0">
  <reporter-output>
    <line>
      <![CDATA[hello pythonselenium]]>
    </line>
    <line>
      <![CDATA[hello java]]>
    </line>
    <line>
      <![CDATA[hello python]]>
    </line>
    <line>
      <![CDATA[hello selenium]]>
    </line>
  </reporter-output>
  <suite started-at="2022-06-13T16:43:50 IST" name="Suite" finished-at="2022-06-13T16:43:50 IST" duration-ms="122">
    <groups>
    </groups>
    <test started-at="2022-06-13T16:43:50 IST" name="Test" finished-at="2022-06-13T16:43:50 IST" duration-ms="122">
      <class name="testscripts.Test4">
        <test-method signature="tc1()[pri:0, instance:testscripts.Test4@78ffe6dc]" started-at="2022-06-13T16:43:50 IST" name="tc1" finished-at="2022-06-13T16:43:50 IST" duration-ms="17" status="PASS">
          <reporter-output>
            <line>
              <![CDATA[hello pythonselenium]]>
            </line>
          </reporter-output>
        </test-method> <!-- tc1 -->
      </class> <!-- testscripts.Test4 -->
      <class name="testscripts.Test2">
        <test-method signature="tc2()[pri:0, instance:testscripts.Test2@68e965f5]" started-at="2022-06-13T16:43:50 IST" name="tc2" finished-at="2022-06-13T16:43:50 IST" duration-ms="2" status="PASS">
          <reporter-output>
            <line>
              <![CDATA[hello selenium]]>
            </line>
          </reporter-output>
        </test-method> <!-- tc2 -->
      </class> <!-- testscripts.Test2 -->
      <class name="testscripts.Test3">
        <test-method signature="tc1()[pri:0, instance:testscripts.Test3@76f2bbc1]" started-at="2022-06-13T16:43:50 IST" name="tc1" finished-at="2022-06-13T16:43:50 IST" duration-ms="4" status="PASS">
          <reporter-output>
            <line>
              <![CDATA[hello python]]>
            </line>
          </reporter-output>
        </test-method> <!-- tc1 -->
      </class> <!-- testscripts.Test3 -->
      <class name="testscripts.Test1">
        <test-method signature="tc1()[pri:0, instance:testscripts.Test1@8317c52]" started-at="2022-06-13T16:43:50 IST" name="tc1" finished-at="2022-06-13T16:43:50 IST" duration-ms="4" status="PASS">
          <reporter-output>
            <line>
              <![CDATA[hello java]]>
            </line>
          </reporter-output>
        </test-method> <!-- tc1 -->
      </class> <!-- testscripts.Test1 -->
    </test> <!-- Test -->
  </suite> <!-- Suite -->
</testng-results>
